<?xml version="1.0" encoding="UTF-8"?>
<!-- Generated by org.testng.reporters.JUnitReportReporter -->
<testsuite hostname="DESKTOP-N93DNGF" failures="0" tests="1" name="crossBrowser.CrossBrowserTest" time="23.400" errors="0" timestamp="2022-09-26T13:00:10 IST" skipped="0">
  <testcase classname="crossBrowser.CrossBrowserTest" name="GoogleTest" time="23.400"/>
  <system-out/>
</testsuite> <!-- crossBrowser.CrossBrowserTest -->
